[debug] [2022-01-19T18:58:52.277Z] ----------------------------------------------------------------------
[debug] [2022-01-19T18:58:52.279Z] Command:       C:\Program Files\nodejs\node.exe C:\Users\lauch\AppData\Roaming\npm\node_modules\firebase-tools\lib\bin\firebase.js deploy
[debug] [2022-01-19T18:58:52.280Z] CLI Version:   10.1.1
[debug] [2022-01-19T18:58:52.280Z] Platform:      win32
[debug] [2022-01-19T18:58:52.280Z] Node Version:  v16.13.0
[debug] [2022-01-19T18:58:52.281Z] Time:          Wed Jan 19 2022 15:58:52 GMT-0300 (hora estándar de Argentina)
[debug] [2022-01-19T18:58:52.282Z] ----------------------------------------------------------------------
[debug] 
[debug] [2022-01-19T18:58:52.342Z] > command requires scopes: ["email","openid","https://www.googleapis.com/auth/cloudplatformprojects.readonly","https://www.googleapis.com/auth/firebase","https://www.googleapis.com/auth/cloud-platform"]
[debug] [2022-01-19T18:58:52.342Z] > authorizing via signed-in user (lautaroquevedocalzada@gmail.com)
[debug] [2022-01-19T18:58:52.342Z] [iam] checking project ecommerce-lautaroquevedo for permissions ["cloudfunctions.functions.create","cloudfunctions.functions.delete","cloudfunctions.functions.get","cloudfunctions.functions.list","cloudfunctions.functions.update","cloudfunctions.operations.get","firebase.projects.get","firebasehosting.sites.update"]
[debug] [2022-01-19T18:58:52.345Z] >>> HTTP REQUEST POST https://cloudresourcemanager.googleapis.com/v1/projects/ecommerce-lautaroquevedo:testIamPermissions  
 {"permissions":["cloudfunctions.functions.create","cloudfunctions.functions.delete","cloudfunctions.functions.get","cloudfunctions.functions.list","cloudfunctions.functions.update","cloudfunctions.operations.get","firebase.projects.get","firebasehosting.sites.update"]}
[debug] [2022-01-19T18:58:53.231Z] <<< HTTP RESPONSE 200 {"content-type":"application/json; charset=UTF-8","vary":"X-Origin, Referer, Origin,Accept-Encoding","date":"Wed, 19 Jan 2022 18:58:53 GMT","server":"ESF","cache-control":"private","x-xss-protection":"0","x-frame-options":"SAMEORIGIN","x-content-type-options":"nosniff","server-timing":"gfet4t7; dur=747","alt-svc":"h3=\":443\"; ma=2592000,h3-29=\":443\"; ma=2592000,h3-Q050=\":443\"; ma=2592000,h3-Q046=\":443\"; ma=2592000,h3-Q043=\":443\"; ma=2592000,quic=\":443\"; ma=2592000; v=\"46,43\"","accept-ranges":"none","transfer-encoding":"chunked"}
[debug] [2022-01-19T18:58:53.233Z] >>> HTTP REQUEST POST https://iam.googleapis.com/v1/projects/ecommerce-lautaroquevedo/serviceAccounts/ecommerce-lautaroquevedo@appspot.gserviceaccount.com:testIamPermissions  
 {"permissions":["iam.serviceAccounts.actAs"]}
[debug] [2022-01-19T18:58:54.057Z] <<< HTTP RESPONSE 200 {"content-type":"application/json; charset=UTF-8","vary":"X-Origin, Referer, Origin,Accept-Encoding","date":"Wed, 19 Jan 2022 18:58:54 GMT","server":"ESF","cache-control":"private","x-xss-protection":"0","x-frame-options":"SAMEORIGIN","x-content-type-options":"nosniff","alt-svc":"h3=\":443\"; ma=2592000,h3-29=\":443\"; ma=2592000,h3-Q050=\":443\"; ma=2592000,h3-Q046=\":443\"; ma=2592000,h3-Q043=\":443\"; ma=2592000,quic=\":443\"; ma=2592000; v=\"46,43\"","accept-ranges":"none","transfer-encoding":"chunked"}
[debug] [2022-01-19T18:58:54.059Z] > refreshing access token with scopes: []
[debug] [2022-01-19T18:58:54.059Z] >>> HTTP REQUEST POST https://www.googleapis.com/oauth2/v3/token  
 <request body omitted>
[debug] [2022-01-19T18:58:54.187Z] <<< HTTP RESPONSE 200 {"expires":"Mon, 01 Jan 1990 00:00:00 GMT","cache-control":"no-cache, no-store, max-age=0, must-revalidate","pragma":"no-cache","date":"Wed, 19 Jan 2022 18:58:54 GMT","content-type":"application/json; charset=utf-8","vary":"X-Origin, Referer, Origin,Accept-Encoding","server":"scaffolding on HTTPServer2","x-xss-protection":"0","x-frame-options":"SAMEORIGIN","x-content-type-options":"nosniff","alt-svc":"h3=\":443\"; ma=2592000,h3-29=\":443\"; ma=2592000,h3-Q050=\":443\"; ma=2592000,h3-Q046=\":443\"; ma=2592000,h3-Q043=\":443\"; ma=2592000,quic=\":443\"; ma=2592000; v=\"46,43\"","accept-ranges":"none","transfer-encoding":"chunked"}
[debug] [2022-01-19T18:58:54.211Z] >>> [apiv2][query] GET https://firebase.googleapis.com/v1beta1/projects/ecommerce-lautaroquevedo [none]
[debug] [2022-01-19T18:58:55.220Z] <<< [apiv2][status] GET https://firebase.googleapis.com/v1beta1/projects/ecommerce-lautaroquevedo 200
[debug] [2022-01-19T18:58:55.220Z] <<< [apiv2][body] GET https://firebase.googleapis.com/v1beta1/projects/ecommerce-lautaroquevedo {"projectId":"ecommerce-lautaroquevedo","projectNumber":"242522284297","displayName":"ecommerce-LautaroQuevedo","name":"projects/ecommerce-lautaroquevedo","resources":{"hostingSite":"ecommerce-lautaroquevedo","realtimeDatabaseInstance":"ecommerce-lautaroquevedo-default-rtdb","storageBucket":"ecommerce-lautaroquevedo.appspot.com","locationId":"us-central"},"state":"ACTIVE"}
[info] 
[info] === Deploying to 'ecommerce-lautaroquevedo'...
[info] 
[info] i  deploying functions, hosting 
[debug] [2022-01-19T18:58:55.441Z] TypeError [ERR_INVALID_ARG_TYPE]: The "path" argument must be of type string. Received undefined
    at new NodeError (node:internal/errors:371:5)
    at validateString (node:internal/validators:119:11)
    at Object.join (node:path:429:7)
    at Config.path (C:\Users\lauch\AppData\Roaming\npm\node_modules\firebase-tools\lib\config.js:115:45)
    at getChildEnvironment (C:\Users\lauch\AppData\Roaming\npm\node_modules\firebase-tools\lib\deploy\lifecycleHooks.js:50:49)
    at runTargetCommands (C:\Users\lauch\AppData\Roaming\npm\node_modules\firebase-tools\lib\deploy\lifecycleHooks.js:71:14)
    at C:\Users\lauch\AppData\Roaming\npm\node_modules\firebase-tools\lib\deploy\lifecycleHooks.js:122:24
    at processTicksAndRejections (node:internal/process/task_queues:96:5)
[error] 
[error] Error: An unexpected error has occurred.
